<?xml version="1.0" encoding="UTF-8"?>
<testsuite name="api.CreateCandidateTestRunner" tests="0" skipped="0" failures="0" errors="0" timestamp="1970-01-01T00:00:00" hostname="mariam-noureldin" time="0.0">
  <properties/>
  <system-out><![CDATA[
1 Scenarios (1 passed)
3 Steps (3 passed)
0m7.519s


]]></system-out>
  <system-err><![CDATA[Dec 11, 2023 2:51:27 PM io.cucumber.junit.Cucumber <init>
WARNING: By default Cucumber is running in --non-strict mode.
This default will change to --strict and --non-strict will be removed.
You can use --strict or @CucumberOptions(strict = true) to suppress this warning
]]></system-err>
</testsuite>
