<?xml version="1.0" encoding="UTF-8"?>
<testsuite name="Check that Admin Can Create then Delete User" tests="1" skipped="0" failures="0" errors="0" timestamp="2023-12-10T22:39:08" hostname="mariam-noureldin" time="16.164">
  <properties/>
  <testcase name="EMPTY_NAME" classname="Check that Admin Can Create then Delete User" time="16.164"/>
  <system-out><![CDATA[
Scenario:                                                # src/test/resources/e2e/CreateThanDeleteUser.feature:3
  Given admin user is logged in                          # e2e.stepsDefinitions.CreateAndDeleteUserSteps.admin_user_is_logged_in()
  And admin navigate to system user page                 # e2e.stepsDefinitions.CreateAndDeleteUserSteps.admin_navigate_to_system_user_page()
  And admin capture the number of records                # e2e.stepsDefinitions.CreateAndDeleteUserSteps.admin_capture_the_number_of_records()
  When admin clicks on add new user                      # e2e.stepsDefinitions.CreateAndDeleteUserSteps.admin_clicks_on_add_new_user()
  And admin enter valid user data                        # e2e.stepsDefinitions.CreateAndDeleteUserSteps.admin_enter_valid_user_data()
  And admin clicks on save button                        # e2e.stepsDefinitions.CreateAndDeleteUserSteps.admin_clicks_on_save_button()
  Then admin number of records increased by one          # e2e.stepsDefinitions.CreateAndDeleteUserSteps.admin_number_of_records_increased_by_one()
  When admin searches with the username for the new user # e2e.stepsDefinitions.CreateAndDeleteUserSteps.admin_searches_with_the_username_for_the_new_user()
  And admin delete the new user                          # e2e.stepsDefinitions.CreateAndDeleteUserSteps.admin_delete_the_new_user()
  And admin reset filter                                 # e2e.stepsDefinitions.CreateAndDeleteUserSteps.admin_reset_filter()
  Then number of records should be decreased by one      # e2e.stepsDefinitions.CreateAndDeleteUserSteps.number_of_records_should_be_decreased_by_one()
]]></system-out>
  <system-err><![CDATA[SLF4J: No SLF4J providers were found.
SLF4J: Defaulting to no-operation (NOP) logger implementation
SLF4J: See https://www.slf4j.org/codes.html#noProviders for further details.
Dec 11, 2023 12:39:09 AM org.openqa.selenium.devtools.CdpVersionFinder findNearestMatch
WARNING: Unable to find CDP implementation matching 117
Dec 11, 2023 12:39:09 AM org.openqa.selenium.chromium.ChromiumDriver lambda$new$5
WARNING: Unable to find version of CDP to use for 117.0.5938.88. You may need to include a dependency on a specific version of the CDP using something similar to `org.seleniumhq.selenium:selenium-devtools-v86:4.16.1` where the version ("v86") matches the version of the chromium-based browser you're using and the version number of the artifact is the same as Selenium's.
]]></system-err>
</testsuite>
